[0m20:01:02.223569 [debug] [MainThread]: Got an exception trying to initialize tracking


============================== 20:01:02.242472 | 7690dc65-6edf-48ea-afb3-f40d4e8b7bdc ==============================
[0m20:01:02.242472 [info ] [MainThread]: Running with dbt=1.10.9
[0m20:01:02.243211 [debug] [MainThread]: running dbt with arguments {'use_experimental_parser': 'False', 'no_print': 'None', 'log_cache_events': 'False', 'fail_fast': 'False', 'debug': 'False', 'warn_error': 'None', 'static_parser': 'True', 'quiet': 'False', 'empty': 'None', 'warn_error_options': 'WarnErrorOptionsV2(error=[], warn=[], silence=[])', 'log_format': 'default', 'partial_parse': 'True', 'version_check': 'True', 'invocation_command': 'dbt debug', 'indirect_selection': 'eager', 'profiles_dir': '/Users/jobandtalent/.dbt', 'use_colors': 'True', 'target_path': 'None', 'log_path': 'logs', 'cache_selected_only': 'False', 'introspect': 'True', 'send_anonymous_usage_stats': 'True', 'write_json': 'True', 'printer_width': '80'}
[0m20:01:02.254757 [info ] [MainThread]: dbt version: 1.10.9
[0m20:01:02.255027 [info ] [MainThread]: python version: 3.12.8
[0m20:01:02.255182 [info ] [MainThread]: python path: /Users/jobandtalent/GitHub/idealista-analytics-pipeline/.venv/bin/python3.12
[0m20:01:02.255331 [info ] [MainThread]: os info: macOS-15.6.1-arm64-arm-64bit
[0m20:01:04.005016 [info ] [MainThread]: Error importing adapter: No module named 'dbt.adapters.redshift'
[0m20:01:04.005758 [info ] [MainThread]: Error importing adapter: No module named 'dbt.adapters.redshift'
[0m20:01:04.005995 [info ] [MainThread]: Using profiles dir at /Users/jobandtalent/.dbt
[0m20:01:04.006141 [info ] [MainThread]: Using profiles.yml file at /Users/jobandtalent/.dbt/profiles.yml
[0m20:01:04.006280 [info ] [MainThread]: Using dbt_project.yml file at /Users/jobandtalent/GitHub/idealista-analytics-pipeline/dbt_project.yml
[0m20:01:04.006423 [info ] [MainThread]: Configuration:
[0m20:01:04.006562 [info ] [MainThread]:   profiles.yml file [[31mERROR invalid[0m]
[0m20:01:04.006684 [info ] [MainThread]:   dbt_project.yml file [[31mERROR not found[0m]
[0m20:01:04.006806 [info ] [MainThread]: Required dependencies:
[0m20:01:04.006974 [debug] [MainThread]: Executing "git --help"
[0m20:01:04.038622 [debug] [MainThread]: STDOUT: "b"usage: git [-v | --version] [-h | --help] [-C <path>] [-c <name>=<value>]\n           [--exec-path[=<path>]] [--html-path] [--man-path] [--info-path]\n           [-p | --paginate | -P | --no-pager] [--no-replace-objects] [--bare]\n           [--git-dir=<path>] [--work-tree=<path>] [--namespace=<name>]\n           [--super-prefix=<path>] [--config-env=<name>=<envvar>]\n           <command> [<args>]\n\nThese are common Git commands used in various situations:\n\nstart a working area (see also: git help tutorial)\n   clone     Clone a repository into a new directory\n   init      Create an empty Git repository or reinitialize an existing one\n\nwork on the current change (see also: git help everyday)\n   add       Add file contents to the index\n   mv        Move or rename a file, a directory, or a symlink\n   restore   Restore working tree files\n   rm        Remove files from the working tree and from the index\n\nexamine the history and state (see also: git help revisions)\n   bisect    Use binary search to find the commit that introduced a bug\n   diff      Show changes between commits, commit and working tree, etc\n   grep      Print lines matching a pattern\n   log       Show commit logs\n   show      Show various types of objects\n   status    Show the working tree status\n\ngrow, mark and tweak your common history\n   branch    List, create, or delete branches\n   commit    Record changes to the repository\n   merge     Join two or more development histories together\n   rebase    Reapply commits on top of another base tip\n   reset     Reset current HEAD to the specified state\n   switch    Switch branches\n   tag       Create, list, delete or verify a tag object signed with GPG\n\ncollaborate (see also: git help workflows)\n   fetch     Download objects and refs from another repository\n   pull      Fetch from and integrate with another repository or a local branch\n   push      Update remote refs along with associated objects\n\n'git help -a' and 'git help -g' list available subcommands and some\nconcept guides. See 'git help <command>' or 'git help <concept>'\nto read about a specific subcommand or concept.\nSee 'git help git' for an overview of the system.\n""
[0m20:01:04.039235 [debug] [MainThread]: STDERR: "b''"
[0m20:01:04.039438 [info ] [MainThread]:  - git [[32mOK found[0m]

[0m20:01:04.039614 [info ] [MainThread]: Connection test skipped since no profile was found
[0m20:01:04.039841 [info ] [MainThread]: [31m2 checks failed:[0m
[0m20:01:04.039988 [info ] [MainThread]: Could not load dbt_project.yml
Profile loading failed for the following reason:
Runtime Error
  Credentials in profile "default", target "dbt_dev_mikel" invalid: Runtime Error
    Could not find adapter type redshift!

Runtime Error
  Credentials in profile "redshift_project", target "dbt_dev_mikel" invalid: Runtime Error
    Could not find adapter type redshift!


[0m20:01:04.040133 [info ] [MainThread]: Project loading failed for the following reason:
 project path </Users/jobandtalent/GitHub/idealista-analytics-pipeline/dbt_project.yml> not found

[0m20:01:04.043392 [debug] [MainThread]: Resource report: {"command_name": "debug", "command_success": false, "command_wall_clock_time": 1.845171, "process_in_blocks": "0", "process_kernel_time": 0.354069, "process_mem_max_rss": "347947008", "process_out_blocks": "0", "process_user_time": 1.787347}
[0m20:01:04.044415 [debug] [MainThread]: Command `dbt debug` failed at 20:01:04.044302 after 1.85 seconds
[0m20:01:04.044743 [debug] [MainThread]: Flushing usage events
[0m20:01:50.276496 [debug] [MainThread]: Got an exception trying to initialize tracking


============================== 20:01:50.293282 | 2e059e94-f856-4afc-a2d5-f7c40f69459c ==============================
[0m20:01:50.293282 [info ] [MainThread]: Running with dbt=1.10.9
[0m20:01:50.293943 [debug] [MainThread]: running dbt with arguments {'target_path': 'None', 'static_parser': 'True', 'debug': 'False', 'profiles_dir': '/Users/jobandtalent/.dbt', 'introspect': 'True', 'log_path': 'logs', 'log_format': 'default', 'use_colors': 'True', 'partial_parse': 'True', 'use_experimental_parser': 'False', 'no_print': 'None', 'log_cache_events': 'False', 'indirect_selection': 'eager', 'quiet': 'False', 'warn_error_options': 'WarnErrorOptionsV2(error=[], warn=[], silence=[])', 'warn_error': 'None', 'version_check': 'True', 'send_anonymous_usage_stats': 'True', 'fail_fast': 'False', 'empty': 'None', 'invocation_command': 'dbt init idealista_analytics', 'cache_selected_only': 'False', 'write_json': 'True', 'printer_width': '80'}
[0m20:01:50.303810 [debug] [MainThread]: Starter project path: /Users/jobandtalent/GitHub/idealista-analytics-pipeline/.venv/lib/python3.12/site-packages/dbt/include/starter_project
[0m20:01:50.308343 [info ] [MainThread]: 
Your new dbt project "idealista_analytics" was created!

For more information on how to configure the profiles.yml file,
please consult the dbt documentation here:

  https://docs.getdbt.com/docs/configure-your-profile

One more thing:

Need help? Don't hesitate to reach out to us via GitHub issues or on Slack:

  https://community.getdbt.com/

Happy modeling!

[0m20:01:50.308602 [info ] [MainThread]: Setting up your profile.
[0m20:04:12.737720 [debug] [MainThread]: Resource report: {"command_name": "init", "command_success": true, "command_wall_clock_time": 142.48639, "process_in_blocks": "0", "process_kernel_time": 0.133164, "process_mem_max_rss": "104923136", "process_out_blocks": "0", "process_user_time": 0.714038}
[0m20:04:12.747413 [debug] [MainThread]: Command `dbt init` succeeded at 20:04:12.746320 after 142.50 seconds
[0m20:04:12.749971 [debug] [MainThread]: Flushing usage events
[0m20:09:46.214493 [debug] [MainThread]: Got an exception trying to initialize tracking


============================== 20:09:46.234187 | 2cd18ff5-5a11-4426-a440-6110325b5091 ==============================
[0m20:09:46.234187 [info ] [MainThread]: Running with dbt=1.10.9
[0m20:09:46.234941 [debug] [MainThread]: running dbt with arguments {'warn_error': 'None', 'introspect': 'True', 'indirect_selection': 'eager', 'static_parser': 'True', 'cache_selected_only': 'False', 'printer_width': '80', 'quiet': 'False', 'log_path': 'logs', 'log_format': 'default', 'no_print': 'None', 'send_anonymous_usage_stats': 'True', 'version_check': 'True', 'partial_parse': 'True', 'log_cache_events': 'False', 'profiles_dir': '/Users/jobandtalent/.dbt', 'use_experimental_parser': 'False', 'target_path': 'None', 'write_json': 'True', 'invocation_command': 'dbt debug', 'fail_fast': 'False', 'debug': 'False', 'empty': 'None', 'use_colors': 'True', 'warn_error_options': 'WarnErrorOptionsV2(error=[], warn=[], silence=[])'}
[0m20:09:46.245595 [info ] [MainThread]: dbt version: 1.10.9
[0m20:09:46.245896 [info ] [MainThread]: python version: 3.12.8
[0m20:09:46.246065 [info ] [MainThread]: python path: /Users/jobandtalent/GitHub/idealista-analytics-pipeline/.venv/bin/python3.12
[0m20:09:46.246229 [info ] [MainThread]: os info: macOS-15.6.1-arm64-arm-64bit
[0m20:09:48.155677 [info ] [MainThread]: Error importing adapter: No module named 'dbt.adapters.redshift'
[0m20:09:48.156600 [info ] [MainThread]: Error importing adapter: No module named 'dbt.adapters.redshift'
[0m20:09:48.156903 [info ] [MainThread]: Using profiles dir at /Users/jobandtalent/.dbt
[0m20:09:48.157058 [info ] [MainThread]: Using profiles.yml file at /Users/jobandtalent/.dbt/profiles.yml
[0m20:09:48.157197 [info ] [MainThread]: Using dbt_project.yml file at /Users/jobandtalent/GitHub/idealista-analytics-pipeline/dbt_project.yml
[0m20:09:48.157345 [info ] [MainThread]: Configuration:
[0m20:09:48.157474 [info ] [MainThread]:   profiles.yml file [[31mERROR invalid[0m]
[0m20:09:48.157599 [info ] [MainThread]:   dbt_project.yml file [[31mERROR not found[0m]
[0m20:09:48.157727 [info ] [MainThread]: Required dependencies:
[0m20:09:48.157901 [debug] [MainThread]: Executing "git --help"
[0m20:09:48.188047 [debug] [MainThread]: STDOUT: "b"usage: git [-v | --version] [-h | --help] [-C <path>] [-c <name>=<value>]\n           [--exec-path[=<path>]] [--html-path] [--man-path] [--info-path]\n           [-p | --paginate | -P | --no-pager] [--no-replace-objects] [--bare]\n           [--git-dir=<path>] [--work-tree=<path>] [--namespace=<name>]\n           [--super-prefix=<path>] [--config-env=<name>=<envvar>]\n           <command> [<args>]\n\nThese are common Git commands used in various situations:\n\nstart a working area (see also: git help tutorial)\n   clone     Clone a repository into a new directory\n   init      Create an empty Git repository or reinitialize an existing one\n\nwork on the current change (see also: git help everyday)\n   add       Add file contents to the index\n   mv        Move or rename a file, a directory, or a symlink\n   restore   Restore working tree files\n   rm        Remove files from the working tree and from the index\n\nexamine the history and state (see also: git help revisions)\n   bisect    Use binary search to find the commit that introduced a bug\n   diff      Show changes between commits, commit and working tree, etc\n   grep      Print lines matching a pattern\n   log       Show commit logs\n   show      Show various types of objects\n   status    Show the working tree status\n\ngrow, mark and tweak your common history\n   branch    List, create, or delete branches\n   commit    Record changes to the repository\n   merge     Join two or more development histories together\n   rebase    Reapply commits on top of another base tip\n   reset     Reset current HEAD to the specified state\n   switch    Switch branches\n   tag       Create, list, delete or verify a tag object signed with GPG\n\ncollaborate (see also: git help workflows)\n   fetch     Download objects and refs from another repository\n   pull      Fetch from and integrate with another repository or a local branch\n   push      Update remote refs along with associated objects\n\n'git help -a' and 'git help -g' list available subcommands and some\nconcept guides. See 'git help <command>' or 'git help <concept>'\nto read about a specific subcommand or concept.\nSee 'git help git' for an overview of the system.\n""
[0m20:09:48.188758 [debug] [MainThread]: STDERR: "b''"
[0m20:09:48.188976 [info ] [MainThread]:  - git [[32mOK found[0m]

[0m20:09:48.189164 [info ] [MainThread]: Connection test skipped since no profile was found
[0m20:09:48.189427 [info ] [MainThread]: [31m2 checks failed:[0m
[0m20:09:48.189588 [info ] [MainThread]: Could not load dbt_project.yml
Profile loading failed for the following reason:
Runtime Error
  Credentials in profile "default", target "dbt_dev_mikel" invalid: Runtime Error
    Could not find adapter type redshift!

Runtime Error
  Credentials in profile "redshift_project", target "dbt_dev_mikel" invalid: Runtime Error
    Could not find adapter type redshift!


[0m20:09:48.189751 [info ] [MainThread]: Project loading failed for the following reason:
 project path </Users/jobandtalent/GitHub/idealista-analytics-pipeline/dbt_project.yml> not found

[0m20:09:48.193158 [debug] [MainThread]: Resource report: {"command_name": "debug", "command_success": false, "command_wall_clock_time": 2.006825, "process_in_blocks": "0", "process_kernel_time": 0.418476, "process_mem_max_rss": "347734016", "process_out_blocks": "0", "process_user_time": 1.969345}
[0m20:09:48.194016 [debug] [MainThread]: Command `dbt debug` failed at 20:09:48.193945 after 2.01 seconds
[0m20:09:48.194328 [debug] [MainThread]: Flushing usage events
